running egg_info
writing build/turtlesim_simulator/turtlesim_simulator.egg-info/PKG-INFO
writing dependency_links to build/turtlesim_simulator/turtlesim_simulator.egg-info/dependency_links.txt
writing entry points to build/turtlesim_simulator/turtlesim_simulator.egg-info/entry_points.txt
writing requirements to build/turtlesim_simulator/turtlesim_simulator.egg-info/requires.txt
writing top-level names to build/turtlesim_simulator/turtlesim_simulator.egg-info/top_level.txt
reading manifest file 'build/turtlesim_simulator/turtlesim_simulator.egg-info/SOURCES.txt'
writing manifest file 'build/turtlesim_simulator/turtlesim_simulator.egg-info/SOURCES.txt'
running build
running build_py
running install
running install_lib
running install_data
running install_egg_info
removing '/home/hazem/kill_ws/src/turtlesim_simulator/install/turtlesim_simulator/lib/python3.10/site-packages/turtlesim_simulator-0.0.0-py3.10.egg-info' (and everything under it)
Copying build/turtlesim_simulator/turtlesim_simulator.egg-info to /home/hazem/kill_ws/src/turtlesim_simulator/install/turtlesim_simulator/lib/python3.10/site-packages/turtlesim_simulator-0.0.0-py3.10.egg-info
running install_scripts
Installing publisher script to /home/hazem/kill_ws/src/turtlesim_simulator/install/turtlesim_simulator/lib/turtlesim_simulator
Installing spawner script to /home/hazem/kill_ws/src/turtlesim_simulator/install/turtlesim_simulator/lib/turtlesim_simulator
writing list of installed files to '/home/hazem/kill_ws/src/turtlesim_simulator/build/turtlesim_simulator/install.log'
