running egg_info
creating build/turtlesim_simulator/turtlesim_simulator.egg-info
writing build/turtlesim_simulator/turtlesim_simulator.egg-info/PKG-INFO
writing dependency_links to build/turtlesim_simulator/turtlesim_simulator.egg-info/dependency_links.txt
writing entry points to build/turtlesim_simulator/turtlesim_simulator.egg-info/entry_points.txt
writing requirements to build/turtlesim_simulator/turtlesim_simulator.egg-info/requires.txt
writing top-level names to build/turtlesim_simulator/turtlesim_simulator.egg-info/top_level.txt
writing manifest file 'build/turtlesim_simulator/turtlesim_simulator.egg-info/SOURCES.txt'
reading manifest file 'build/turtlesim_simulator/turtlesim_simulator.egg-info/SOURCES.txt'
writing manifest file 'build/turtlesim_simulator/turtlesim_simulator.egg-info/SOURCES.txt'
running build
running build_py
creating /home/hazem/kill_ws/src/turtlesim_simulator/build/turtlesim_simulator/build
creating /home/hazem/kill_ws/src/turtlesim_simulator/build/turtlesim_simulator/build/lib
creating /home/hazem/kill_ws/src/turtlesim_simulator/build/turtlesim_simulator/build/lib/turtlesim_simulator
copying turtlesim_simulator/publisher.py -> /home/hazem/kill_ws/src/turtlesim_simulator/build/turtlesim_simulator/build/lib/turtlesim_simulator
copying turtlesim_simulator/spawner.py -> /home/hazem/kill_ws/src/turtlesim_simulator/build/turtlesim_simulator/build/lib/turtlesim_simulator
copying turtlesim_simulator/__init__.py -> /home/hazem/kill_ws/src/turtlesim_simulator/build/turtlesim_simulator/build/lib/turtlesim_simulator
running install
running install_lib
creating /home/hazem/kill_ws/src/turtlesim_simulator/install/turtlesim_simulator/lib/python3.10/site-packages/turtlesim_simulator
copying /home/hazem/kill_ws/src/turtlesim_simulator/build/turtlesim_simulator/build/lib/turtlesim_simulator/publisher.py -> /home/hazem/kill_ws/src/turtlesim_simulator/install/turtlesim_simulator/lib/python3.10/site-packages/turtlesim_simulator
copying /home/hazem/kill_ws/src/turtlesim_simulator/build/turtlesim_simulator/build/lib/turtlesim_simulator/spawner.py -> /home/hazem/kill_ws/src/turtlesim_simulator/install/turtlesim_simulator/lib/python3.10/site-packages/turtlesim_simulator
copying /home/hazem/kill_ws/src/turtlesim_simulator/build/turtlesim_simulator/build/lib/turtlesim_simulator/__init__.py -> /home/hazem/kill_ws/src/turtlesim_simulator/install/turtlesim_simulator/lib/python3.10/site-packages/turtlesim_simulator
byte-compiling /home/hazem/kill_ws/src/turtlesim_simulator/install/turtlesim_simulator/lib/python3.10/site-packages/turtlesim_simulator/publisher.py to publisher.cpython-310.pyc
byte-compiling /home/hazem/kill_ws/src/turtlesim_simulator/install/turtlesim_simulator/lib/python3.10/site-packages/turtlesim_simulator/spawner.py to spawner.cpython-310.pyc
byte-compiling /home/hazem/kill_ws/src/turtlesim_simulator/install/turtlesim_simulator/lib/python3.10/site-packages/turtlesim_simulator/__init__.py to __init__.cpython-310.pyc
running install_data
copying package.xml -> /home/hazem/kill_ws/src/turtlesim_simulator/install/turtlesim_simulator/share/turtlesim_simulator
creating /home/hazem/kill_ws/src/turtlesim_simulator/install/turtlesim_simulator/lib/turtlesim_simulator
copying publisher.py -> /home/hazem/kill_ws/src/turtlesim_simulator/install/turtlesim_simulator/lib/turtlesim_simulator
copying spawner.py -> /home/hazem/kill_ws/src/turtlesim_simulator/install/turtlesim_simulator/lib/turtlesim_simulator
running install_egg_info
Copying build/turtlesim_simulator/turtlesim_simulator.egg-info to /home/hazem/kill_ws/src/turtlesim_simulator/install/turtlesim_simulator/lib/python3.10/site-packages/turtlesim_simulator-0.0.0-py3.10.egg-info
running install_scripts
Installing publisher script to /home/hazem/kill_ws/src/turtlesim_simulator/install/turtlesim_simulator/lib/turtlesim_simulator
Installing spawner script to /home/hazem/kill_ws/src/turtlesim_simulator/install/turtlesim_simulator/lib/turtlesim_simulator
writing list of installed files to '/home/hazem/kill_ws/src/turtlesim_simulator/build/turtlesim_simulator/install.log'
