[0.203s] DEBUG:colcon:Command line arguments: ['/usr/bin/colcon', 'build']
[0.203s] DEBUG:colcon:Parsed command line arguments: Namespace(log_base=None, log_level=None, verb_name='build', build_base='build', install_base='install', merge_install=False, symlink_install=False, test_result_base=None, continue_on_error=False, executor='parallel', parallel_workers=2, event_handlers=None, ignore_user_meta=False, metas=['./colcon.meta'], base_paths=['.'], packages_ignore=None, packages_ignore_regex=None, paths=None, packages_up_to=None, packages_up_to_regex=None, packages_above=None, packages_above_and_dependencies=None, packages_above_depth=None, packages_select_by_dep=None, packages_skip_by_dep=None, packages_skip_up_to=None, packages_select_build_failed=False, packages_skip_build_finished=False, packages_select_test_failures=False, packages_skip_test_passed=False, packages_select=None, packages_skip=None, packages_select_regex=None, packages_skip_regex=None, packages_start=None, packages_end=None, allow_overriding=[], cmake_args=None, cmake_target=None, cmake_target_skip_unavailable=False, cmake_clean_cache=False, cmake_clean_first=False, cmake_force_configure=False, ament_cmake_args=None, catkin_cmake_args=None, catkin_skip_building_tests=False, verb_parser=<colcon_defaults.argument_parser.defaults.DefaultArgumentsDecorator object at 0x77c93a5411b0>, verb_extension=<colcon_core.verb.build.BuildVerb object at 0x77c93a6b6b00>, main=<bound method BuildVerb.main of <colcon_core.verb.build.BuildVerb object at 0x77c93a6b6b00>>)
[0.491s] Level 1:colcon.colcon_core.package_discovery:discover_packages(colcon_meta) check parameters
[0.491s] Level 1:colcon.colcon_core.package_discovery:discover_packages(recursive) check parameters
[0.491s] Level 1:colcon.colcon_core.package_discovery:discover_packages(ignore) check parameters
[0.491s] Level 1:colcon.colcon_core.package_discovery:discover_packages(path) check parameters
[0.491s] Level 1:colcon.colcon_core.package_discovery:discover_packages(colcon_meta) discover
[0.491s] Level 1:colcon.colcon_core.package_discovery:discover_packages(recursive) discover
[0.491s] INFO:colcon.colcon_core.package_discovery:Crawling recursively for packages in '/home/hazem/kill_ws/src/turtlesim_simulator'
[0.491s] Level 1:colcon.colcon_core.package_identification:_identify(.) by extensions ['ignore', 'ignore_ament_install']
[0.491s] Level 1:colcon.colcon_core.package_identification:_identify(.) by extension 'ignore'
[0.491s] Level 1:colcon.colcon_core.package_identification:_identify(.) by extension 'ignore_ament_install'
[0.492s] Level 1:colcon.colcon_core.package_identification:_identify(.) by extensions ['colcon_pkg']
[0.492s] Level 1:colcon.colcon_core.package_identification:_identify(.) by extension 'colcon_pkg'
[0.492s] Level 1:colcon.colcon_core.package_identification:_identify(.) by extensions ['colcon_meta']
[0.492s] Level 1:colcon.colcon_core.package_identification:_identify(.) by extension 'colcon_meta'
[0.492s] Level 1:colcon.colcon_core.package_identification:_identify(.) by extensions ['ros']
[0.492s] Level 1:colcon.colcon_core.package_identification:_identify(.) by extension 'ros'
[0.529s] DEBUG:colcon.colcon_core.package_identification:Package '.' with type 'ros.ament_python' and name 'turtlesim_simulator'
[0.529s] Level 1:colcon.colcon_core.package_discovery:discover_packages(recursive) using defaults
[0.529s] Level 1:colcon.colcon_core.package_discovery:discover_packages(ignore) discover
[0.530s] Level 1:colcon.colcon_core.package_discovery:discover_packages(ignore) using defaults
[0.530s] Level 1:colcon.colcon_core.package_discovery:discover_packages(path) discover
[0.530s] Level 1:colcon.colcon_core.package_discovery:discover_packages(path) using defaults
[0.599s] Level 1:colcon.colcon_core.package_discovery:discover_packages(prefix_path) check parameters
[0.600s] Level 1:colcon.colcon_core.package_discovery:discover_packages(prefix_path) discover
[0.603s] DEBUG:colcon.colcon_installed_package_information.package_discovery:Found 321 installed packages in /opt/ros/iron
[0.607s] Level 1:colcon.colcon_core.package_discovery:discover_packages(prefix_path) using defaults
[0.696s] Level 5:colcon.colcon_core.verb:set package 'turtlesim_simulator' build argument 'cmake_args' from command line to 'None'
[0.696s] Level 5:colcon.colcon_core.verb:set package 'turtlesim_simulator' build argument 'cmake_target' from command line to 'None'
[0.696s] Level 5:colcon.colcon_core.verb:set package 'turtlesim_simulator' build argument 'cmake_target_skip_unavailable' from command line to 'False'
[0.696s] Level 5:colcon.colcon_core.verb:set package 'turtlesim_simulator' build argument 'cmake_clean_cache' from command line to 'False'
[0.696s] Level 5:colcon.colcon_core.verb:set package 'turtlesim_simulator' build argument 'cmake_clean_first' from command line to 'False'
[0.696s] Level 5:colcon.colcon_core.verb:set package 'turtlesim_simulator' build argument 'cmake_force_configure' from command line to 'False'
[0.696s] Level 5:colcon.colcon_core.verb:set package 'turtlesim_simulator' build argument 'ament_cmake_args' from command line to 'None'
[0.696s] Level 5:colcon.colcon_core.verb:set package 'turtlesim_simulator' build argument 'catkin_cmake_args' from command line to 'None'
[0.696s] Level 5:colcon.colcon_core.verb:set package 'turtlesim_simulator' build argument 'catkin_skip_building_tests' from command line to 'False'
[0.696s] DEBUG:colcon.colcon_core.verb:Building package 'turtlesim_simulator' with the following arguments: {'ament_cmake_args': None, 'build_base': '/home/hazem/kill_ws/src/turtlesim_simulator/build/turtlesim_simulator', 'catkin_cmake_args': None, 'catkin_skip_building_tests': False, 'cmake_args': None, 'cmake_clean_cache': False, 'cmake_clean_first': False, 'cmake_force_configure': False, 'cmake_target': None, 'cmake_target_skip_unavailable': False, 'install_base': '/home/hazem/kill_ws/src/turtlesim_simulator/install/turtlesim_simulator', 'merge_install': False, 'path': '/home/hazem/kill_ws/src/turtlesim_simulator', 'symlink_install': False, 'test_result_base': None}
[0.697s] INFO:colcon.colcon_core.executor:Executing jobs using 'parallel' executor
[0.698s] DEBUG:colcon.colcon_parallel_executor.executor.parallel:run_until_complete
[0.698s] INFO:colcon.colcon_ros.task.ament_python.build:Building ROS package in '/home/hazem/kill_ws/src/turtlesim_simulator' with build type 'ament_python'
[0.698s] Level 1:colcon.colcon_core.shell:create_environment_hook('turtlesim_simulator', 'ament_prefix_path')
[0.701s] INFO:colcon.colcon_core.plugin_system:Skipping extension 'colcon_core.shell.bat': Not used on non-Windows systems
[0.701s] INFO:colcon.colcon_core.shell:Creating environment hook '/home/hazem/kill_ws/src/turtlesim_simulator/install/turtlesim_simulator/share/turtlesim_simulator/hook/ament_prefix_path.ps1'
[0.727s] INFO:colcon.colcon_core.shell:Creating environment descriptor '/home/hazem/kill_ws/src/turtlesim_simulator/install/turtlesim_simulator/share/turtlesim_simulator/hook/ament_prefix_path.dsv'
[0.731s] INFO:colcon.colcon_core.shell:Creating environment hook '/home/hazem/kill_ws/src/turtlesim_simulator/install/turtlesim_simulator/share/turtlesim_simulator/hook/ament_prefix_path.sh'
[0.735s] INFO:colcon.colcon_core.shell:Skip shell extension 'powershell' for command environment: Not usable outside of PowerShell
[0.735s] DEBUG:colcon.colcon_core.shell:Skip shell extension 'dsv' for command environment
[1.742s] WARNING:colcon.colcon_ros.task.ament_python.build:Package 'turtlesim_simulator' doesn't explicitly install a marker in the package index (colcon-ros currently does it implicitly but that fallback will be removed in the future)
[1.743s] INFO:colcon.colcon_core.task.python.build:Building Python package in '/home/hazem/kill_ws/src/turtlesim_simulator'
[1.746s] INFO:colcon.colcon_core.shell:Skip shell extension 'powershell' for command environment: Not usable outside of PowerShell
[1.746s] DEBUG:colcon.colcon_core.shell:Skip shell extension 'dsv' for command environment
[3.009s] DEBUG:colcon.colcon_core.event_handler.log_command:Invoking command in '/home/hazem/kill_ws/src/turtlesim_simulator': PYTHONPATH=/home/hazem/kill_ws/src/turtlesim_simulator/build/turtlesim_simulator/prefix_override:/home/hazem/kill_ws/src/turtlesim_simulator/install/turtlesim_simulator/lib/python3.10/site-packages:${PYTHONPATH} /usr/bin/python3 -W ignore:setup.py install is deprecated setup.py egg_info --egg-base build/turtlesim_simulator build --build-base /home/hazem/kill_ws/src/turtlesim_simulator/build/turtlesim_simulator/build install --record /home/hazem/kill_ws/src/turtlesim_simulator/build/turtlesim_simulator/install.log --single-version-externally-managed install_data
[4.235s] Level 1:colcon.colcon_core.environment:checking '/home/hazem/kill_ws/src/turtlesim_simulator/install/turtlesim_simulator' for CMake module files
[4.235s] Level 1:colcon.colcon_core.environment:checking '/home/hazem/kill_ws/src/turtlesim_simulator/install/turtlesim_simulator' for CMake config files
[4.237s] Level 1:colcon.colcon_core.environment:checking '/home/hazem/kill_ws/src/turtlesim_simulator/install/turtlesim_simulator/lib'
[4.237s] Level 1:colcon.colcon_core.environment:checking '/home/hazem/kill_ws/src/turtlesim_simulator/install/turtlesim_simulator/bin'
[4.237s] Level 1:colcon.colcon_core.environment:checking '/home/hazem/kill_ws/src/turtlesim_simulator/install/turtlesim_simulator/lib/pkgconfig/turtlesim_simulator.pc'
[4.237s] Level 1:colcon.colcon_core.environment:checking '/home/hazem/kill_ws/src/turtlesim_simulator/install/turtlesim_simulator/lib/python3.10/site-packages'
[4.237s] Level 1:colcon.colcon_core.shell:create_environment_hook('turtlesim_simulator', 'pythonpath')
[4.238s] INFO:colcon.colcon_core.shell:Creating environment hook '/home/hazem/kill_ws/src/turtlesim_simulator/install/turtlesim_simulator/share/turtlesim_simulator/hook/pythonpath.ps1'
[4.239s] INFO:colcon.colcon_core.shell:Creating environment descriptor '/home/hazem/kill_ws/src/turtlesim_simulator/install/turtlesim_simulator/share/turtlesim_simulator/hook/pythonpath.dsv'
[4.249s] DEBUG:colcon.colcon_core.event_handler.log_command:Invoked command in '/home/hazem/kill_ws/src/turtlesim_simulator' returned '0': PYTHONPATH=/home/hazem/kill_ws/src/turtlesim_simulator/build/turtlesim_simulator/prefix_override:/home/hazem/kill_ws/src/turtlesim_simulator/install/turtlesim_simulator/lib/python3.10/site-packages:${PYTHONPATH} /usr/bin/python3 -W ignore:setup.py install is deprecated setup.py egg_info --egg-base build/turtlesim_simulator build --build-base /home/hazem/kill_ws/src/turtlesim_simulator/build/turtlesim_simulator/build install --record /home/hazem/kill_ws/src/turtlesim_simulator/build/turtlesim_simulator/install.log --single-version-externally-managed install_data
[4.250s] INFO:colcon.colcon_core.shell:Creating environment hook '/home/hazem/kill_ws/src/turtlesim_simulator/install/turtlesim_simulator/share/turtlesim_simulator/hook/pythonpath.sh'
[4.257s] Level 1:colcon.colcon_core.environment:checking '/home/hazem/kill_ws/src/turtlesim_simulator/install/turtlesim_simulator/bin'
[4.264s] Level 1:colcon.colcon_core.environment:create_environment_scripts_only(turtlesim_simulator)
[4.264s] INFO:colcon.colcon_core.shell:Creating package script '/home/hazem/kill_ws/src/turtlesim_simulator/install/turtlesim_simulator/share/turtlesim_simulator/package.ps1'
[4.270s] INFO:colcon.colcon_core.shell:Creating package descriptor '/home/hazem/kill_ws/src/turtlesim_simulator/install/turtlesim_simulator/share/turtlesim_simulator/package.dsv'
[4.273s] INFO:colcon.colcon_core.shell:Creating package script '/home/hazem/kill_ws/src/turtlesim_simulator/install/turtlesim_simulator/share/turtlesim_simulator/package.sh'
[4.275s] INFO:colcon.colcon_core.shell:Creating package script '/home/hazem/kill_ws/src/turtlesim_simulator/install/turtlesim_simulator/share/turtlesim_simulator/package.bash'
[4.279s] INFO:colcon.colcon_core.shell:Creating package script '/home/hazem/kill_ws/src/turtlesim_simulator/install/turtlesim_simulator/share/turtlesim_simulator/package.zsh'
[4.282s] Level 1:colcon.colcon_core.environment:create_file_with_runtime_dependencies(/home/hazem/kill_ws/src/turtlesim_simulator/install/turtlesim_simulator/share/colcon-core/packages/turtlesim_simulator)
[4.287s] DEBUG:colcon.colcon_parallel_executor.executor.parallel:closing loop
[4.288s] DEBUG:colcon.colcon_parallel_executor.executor.parallel:loop closed
[4.288s] DEBUG:colcon.colcon_parallel_executor.executor.parallel:run_until_complete finished with '0'
[4.288s] DEBUG:colcon.colcon_core.event_reactor:joining thread
[4.297s] INFO:colcon.colcon_core.plugin_system:Skipping extension 'colcon_notification.desktop_notification.terminal_notifier': Not used on non-Darwin systems
[4.297s] INFO:colcon.colcon_core.plugin_system:Skipping extension 'colcon_notification.desktop_notification.win32': Not used on non-Windows systems
[4.297s] INFO:colcon.colcon_notification.desktop_notification:Sending desktop notification using 'notify2'
[4.376s] DEBUG:colcon.colcon_core.event_reactor:joined thread
[4.377s] INFO:colcon.colcon_core.shell:Creating prefix script '/home/hazem/kill_ws/src/turtlesim_simulator/install/local_setup.ps1'
[4.380s] INFO:colcon.colcon_core.shell:Creating prefix util module '/home/hazem/kill_ws/src/turtlesim_simulator/install/_local_setup_util_ps1.py'
[4.384s] INFO:colcon.colcon_core.shell:Creating prefix chain script '/home/hazem/kill_ws/src/turtlesim_simulator/install/setup.ps1'
[4.396s] INFO:colcon.colcon_core.shell:Creating prefix script '/home/hazem/kill_ws/src/turtlesim_simulator/install/local_setup.sh'
[4.398s] INFO:colcon.colcon_core.shell:Creating prefix util module '/home/hazem/kill_ws/src/turtlesim_simulator/install/_local_setup_util_sh.py'
[4.400s] INFO:colcon.colcon_core.shell:Creating prefix chain script '/home/hazem/kill_ws/src/turtlesim_simulator/install/setup.sh'
[4.403s] INFO:colcon.colcon_core.shell:Creating prefix script '/home/hazem/kill_ws/src/turtlesim_simulator/install/local_setup.bash'
[4.413s] INFO:colcon.colcon_core.shell:Creating prefix chain script '/home/hazem/kill_ws/src/turtlesim_simulator/install/setup.bash'
[4.415s] INFO:colcon.colcon_core.shell:Creating prefix script '/home/hazem/kill_ws/src/turtlesim_simulator/install/local_setup.zsh'
[4.425s] INFO:colcon.colcon_core.shell:Creating prefix chain script '/home/hazem/kill_ws/src/turtlesim_simulator/install/setup.zsh'
